<?xml version="1.0" encoding="UTF-8"?>
<testng-results skipped="0" failed="0" ignored="0" total="1" passed="1">
  <reporter-output>
  </reporter-output>
  <suite name="Default suite" duration-ms="25620" started-at="2021-03-23T13:37:17Z" finished-at="2021-03-23T13:37:43Z">
    <groups>
    </groups>
    <test name="Default test" duration-ms="25620" started-at="2021-03-23T13:37:17Z" finished-at="2021-03-23T13:37:43Z">
      <class name="OrangeHRM_Tests.Adminlogintest">
        <test-method status="PASS" signature="lanuchapp()[pri:0, instance:OrangeHRM_Tests.Adminlogintest@c038203]" name="lanuchapp" is-config="true" duration-ms="13162" started-at="2021-03-23T19:07:17Z" finished-at="2021-03-23T19:07:30Z">
          <reporter-output>
          </reporter-output>
        </test-method> <!-- lanuchapp -->
        <test-method status="PASS" signature="checkAdminlogin()[pri:0, instance:OrangeHRM_Tests.Adminlogintest@c038203]" name="checkAdminlogin" duration-ms="8291" started-at="2021-03-23T19:07:30Z" finished-at="2021-03-23T19:07:39Z">
          <reporter-output>
          </reporter-output>
        </test-method> <!-- checkAdminlogin -->
        <test-method status="PASS" signature="closeapp()[pri:0, instance:OrangeHRM_Tests.Adminlogintest@c038203]" name="closeapp" is-config="true" duration-ms="4122" started-at="2021-03-23T19:07:39Z" finished-at="2021-03-23T19:07:43Z">
          <reporter-output>
          </reporter-output>
        </test-method> <!-- closeapp -->
      </class> <!-- OrangeHRM_Tests.Adminlogintest -->
    </test> <!-- Default test -->
  </suite> <!-- Default suite -->
</testng-results>
